[0mCompiling "resources/public/js/app.js" from ["src_cljs"]...[0m
[32mSuccessfully compiled "resources/public/js/app.js" in 0.419 seconds.[0m
notifying browser that file changed:  resources/public/js/out/goog/deps.js
notifying browser that file changed:  resources/public/js/out/cljs_deps.js
notifying browser that file changed:  out/undead/client.js
[0mCompiling "resources/public/js/app.js" from ["src_cljs"]...[0m
[32mSuccessfully compiled "resources/public/js/app.js" in 0.336 seconds.[0m
notifying browser that file changed:  out/undead/client.js
[0mCompiling "resources/public/js/app.js" from ["src_cljs"]...[0m
[31mFailed to compile "resources/public/js/app.js" in 0.257 seconds.[0m
[36m----  Could not Read  src_cljs/undead/client.cljs   line:10  column:13  ----[0m

  [1mUnmatched delimiter )[0m

  [36m 8[0m  [36m        {:face :zo} {:face :zo} {:face :zo} {:face :gy}][0m
  [36m 9[0m  [36m:sand[0m
  [33m10[0m  [1m)[0m
  [0m  [0m  [33m ^--- Unmatched delimiter )[0m

[36m----  Reader Error : Please see src_cljs/undead/client.cljs  ----[0m
[0mCompiling "resources/public/js/app.js" from ["src_cljs"]...[0m
[31mFailed to compile "resources/public/js/app.js" in 0.248 seconds.[0m
[36m----  Could not Read  src_cljs/undead/client.cljs   line:5  column:11  ----[0m

  [1mEOF while reading, starting at line 5 and column 11[0m

  [36m3[0m  [36m(js/alert "Brains!??")[0m
  [36m4[0m  [36m[0m
  [33m5[0m  [1m(def game {:board [{:face :h1} {:face :h1} {:face :h2} {:face :h2}[0m
  [0m [0m  [33m          ^--- EOF while reading, starting at line 5 and column 11[0m
  [36m6[0m  [36m                   {:face :h3} {:face :h3} {:face :h4} {:face :h4}[0m
  [36m7[0m  [36m                   {:face :h5} {:face :h5} {:face :fg} {:face :fg}[0m
  [36m8[0m  [36m                   {:face :zo} {:face :zo} {:face :zo} {:face :gy}][0m

[36m----  Reader Error : Please see src_cljs/undead/client.cljs  ----[0m
[0mCompiling "resources/public/js/app.js" from ["src_cljs"]...[0m
[31mFailed to compile "resources/public/js/app.js" in 0.211 seconds.[0m
[36m----  Could not Read  src_cljs/undead/client.cljs   line:11  column:13  ----[0m

  [1mUnmatched delimiter )[0m

  [36m 9[0m  [36m           :sand (repeat 30 :remaining)[0m
  [36m10[0m  [36m[0m
  [33m11[0m  [1m           )[0m
  [0m  [0m  [33m            ^--- Unmatched delimiter )[0m

[36m----  Reader Error : Please see src_cljs/undead/client.cljs  ----[0m
[0mCompiling "resources/public/js/app.js" from ["src_cljs"]...[0m
[32mSuccessfully compiled "resources/public/js/app.js" in 0.302 seconds.[0m
notifying browser that file changed:  out/undead/client.js
[0mCompiling "resources/public/js/app.js" from ["src_cljs"]...[0m
[32mSuccessfully compiled "resources/public/js/app.js" in 0.299 seconds.[0m
notifying browser that file changed:  out/undead/client.js
[0mCompiling "resources/public/js/app.js" from ["src_cljs"]...[0m
[32mSuccessfully compiled "resources/public/js/app.js" in 0.282 seconds.[0m
notifying browser that file changed:  out/undead/client.js
[0mCompiling "resources/public/js/app.js" from ["src_cljs"]...[0m
[32mSuccessfully compiled "resources/public/js/app.js" in 0.31 seconds.[0m
notifying browser that file changed:  out/undead/client.js
[0mCompiling "resources/public/js/app.js" from ["src_cljs"]...[0m
[32mSuccessfully compiled "resources/public/js/app.js" in 1.886 seconds.[0m
notifying browser that file changed:  resources/public/js/out/goog/deps.js
notifying browser that file changed:  resources/public/js/out/cljs_deps.js
notifying browser that file changed:  out/undead/client.js
[0mCompiling "resources/public/js/app.js" from ["src_cljs"]...[0m
[36m----  Compiler Warning on   src_cljs/undead/client.cljs   line:13  column:1  ----[0m

  [1mWrong number of args (1) passed to quiescent.core/render[0m

  [36m 9[0m  [36m                   {:face :zo} {:face :zo} {:face :zo} {:face :gy}][0m
  [36m10[0m  [36m           :sand (repeat 30 :remaining)[0m
  [36m11[0m  [36m           :foggy? false})[0m
  [36m12[0m  [36m[0m
  [33m13[0m  [1m(q/render (Game game)[0m
  [0m  [0m  [33m^--- Wrong number of args (1) passed to quiescent.core/render[0m
  [36m14[0m  [36m          )[0m

[36m----  Compiler Warning : Please see src_cljs/undead/client.cljs  ----[0m
[36m----  Compiler Warning on   src_cljs/undead/client.cljs   line:13  column:12  ----[0m

  [1mUse of undeclared Var undead.client/Game[0m

  [36m 9[0m  [36m                   {:face :zo} {:face :zo} {:face :zo} {:face :gy}][0m
  [36m10[0m  [36m           :sand (repeat 30 :remaining)[0m
  [36m11[0m  [36m           :foggy? false})[0m
  [36m12[0m  [36m[0m
  [33m13[0m  [1m(q/render (Game game)[0m
  [0m  [0m  [33m           ^--- Use of undeclared Var undead.client/Game[0m
  [36m14[0m  [36m          )[0m

[36m----  Compiler Warning : Please see src_cljs/undead/client.cljs  ----[0m
[32mSuccessfully compiled "resources/public/js/app.js" in 0.39 seconds.[0m
notifying browser that file changed:  resources/public/js/out/cljs_deps.js
notifying browser that file changed:  out/undead/client.js
[0mCompiling "resources/public/js/app.js" from ["src_cljs"]...[0m
[36m----  Compiler Warning on   src_cljs/undead/client.cljs   line:13  column:12  ----[0m

  [1mUse of undeclared Var undead.client/Game[0m

  [36m 9[0m  [36m                   {:face :zo} {:face :zo} {:face :zo} {:face :gy}][0m
  [36m10[0m  [36m           :sand (repeat 30 :remaining)[0m
  [36m11[0m  [36m           :foggy? false})[0m
  [36m12[0m  [36m[0m
  [33m13[0m  [1m(q/render (Game game)[0m
  [0m  [0m  [33m           ^--- Use of undeclared Var undead.client/Game[0m
  [36m14[0m  [36m          (.getElementById js/document "main"))[0m

[36m----  Compiler Warning : Please see src_cljs/undead/client.cljs  ----[0m
[32mSuccessfully compiled "resources/public/js/app.js" in 0.343 seconds.[0m
notifying browser that file changed:  out/undead/client.js
[0mCompiling "resources/public/js/app.js" from ["src_cljs"]...[0m
[32mSuccessfully compiled "resources/public/js/app.js" in 0.302 seconds.[0m
notifying browser that file changed:  out/undead/client.js
[0mCompiling "resources/public/js/app.js" from ["src_cljs"]...[0m
[32mSuccessfully compiled "resources/public/js/app.js" in 0.29 seconds.[0m
notifying browser that file changed:  resources/public/js/out/cljs_deps.js
notifying browser that file changed:  out/undead/client.js
[0mCompiling "resources/public/js/app.js" from ["src_cljs"]...[0m
[36m----  Compiler Warning on   src_cljs/undead/client.cljs   line:16  column:12  ----[0m

  [1mUse of undeclared Var undead.client/Game[0m

  [36m13[0m  [36m(q/defcomponent Board [cells][0m
  [36m14[0m  [36m  (d/div {:className "board clearfix"}))[0m
  [36m15[0m  [36m[0m
  [33m16[0m  [1m(q/render (Game game)[0m
  [0m  [0m  [33m           ^--- Use of undeclared Var undead.client/Game[0m
  [36m17[0m  [36m          (.getElementById js/document "main"))[0m

[36m----  Compiler Warning : Please see src_cljs/undead/client.cljs  ----[0m
[32mSuccessfully compiled "resources/public/js/app.js" in 0.312 seconds.[0m
notifying browser that file changed:  resources/public/js/out/cljs_deps.js
notifying browser that file changed:  out/undead/client.js
[0mCompiling "resources/public/js/app.js" from ["src_cljs"]...[0m
[32mSuccessfully compiled "resources/public/js/app.js" in 0.291 seconds.[0m
notifying browser that file changed:  out/undead/client.js
[0mCompiling "resources/public/js/app.js" from ["src_cljs"]...[0m
[32mSuccessfully compiled "resources/public/js/app.js" in 0.295 seconds.[0m
notifying browser that file changed:  resources/public/js/out/cljs_deps.js
notifying browser that file changed:  out/undead/client.js
[0mCompiling "resources/public/js/app.js" from ["src_cljs"]...[0m
[32mSuccessfully compiled "resources/public/js/app.js" in 0.288 seconds.[0m
notifying browser that file changed:  resources/public/js/out/cljs_deps.js
notifying browser that file changed:  out/undead/client.js
[0mCompiling "resources/public/js/app.js" from ["src_cljs"]...[0m
[36m----  Compiler Warning on   src_cljs/undead/client.cljs   line:14  column:15  ----[0m

  [1mUse of undeclared Var undead.client/Line[0m

  [36m10[0m  [36m           :foggy? false})[0m
  [36m11[0m  [36m[0m
  [36m12[0m  [36m(q/defcomponent Board [cells][0m
  [36m13[0m  [36m  (d/div {:className "board clearfix"}[0m
  [33m14[0m  [1m         (map Line (partition 4 cells))))[0m
  [0m  [0m  [33m              ^--- Use of undeclared Var undead.client/Line[0m
  [36m15[0m  [36m[0m
  [36m16[0m  [36m(q/defcomponent Game [game][0m
  [36m17[0m  [36m  (d/div {}[0m
  [36m18[0m  [36m         (Board (:board game))))[0m

[36m----  Compiler Warning : Please see src_cljs/undead/client.cljs  ----[0m
[32mSuccessfully compiled "resources/public/js/app.js" in 0.314 seconds.[0m
notifying browser that file changed:  out/undead/client.js
[0mCompiling "resources/public/js/app.js" from ["src_cljs"]...[0m
[31mFailed to compile "resources/public/js/app.js" in 0.276 seconds.[0m
[36m----  Could not Analyze  src_cljs/undead/client.cljs   line:12  column:1  ----[0m

  [1mParameter declaration  should be a vector[0m

  [36m10[0m  [36m           :foggy? false})[0m
  [36m11[0m  [36m[0m
  [33m12[0m  [1m(q/defcomponent Line)[0m
  [0m  [0m  [33m^--- Parameter declaration  should be a vector[0m
  [36m13[0m  [36m[0m
  [36m14[0m  [36m(q/defcomponent Board [cells][0m
  [36m15[0m  [36m  (apply d/div {:className "board clearfix"}[0m

[36m----  Analysis Error : Please see src_cljs/undead/client.cljs  ----[0m
[0mCompiling "resources/public/js/app.js" from ["src_cljs"]...[0m
[36m----  Compiler Warning on   src_cljs/undead/client.cljs   line:14  column:15  ----[0m

  [1mUse of undeclared Var undead.client/Cell[0m

  [36m10[0m  [36m           :foggy? false})[0m
  [36m11[0m  [36m[0m
  [36m12[0m  [36m(q/defcomponent Line [cells][0m
  [36m13[0m  [36m  (apply d/div {:className "line"}[0m
  [33m14[0m  [1m         (map Cell cells)))[0m
  [0m  [0m  [33m              ^--- Use of undeclared Var undead.client/Cell[0m
  [36m15[0m  [36m[0m
  [36m16[0m  [36m(q/defcomponent Board [cells][0m
  [36m17[0m  [36m  (apply d/div {:className "board clearfix"}[0m
  [36m18[0m  [36m         (map Line (partition 4 cells))))[0m

[36m----  Compiler Warning : Please see src_cljs/undead/client.cljs  ----[0m
[32mSuccessfully compiled "resources/public/js/app.js" in 0.343 seconds.[0m
notifying browser that file changed:  out/undead/client.js
[0mCompiling "resources/public/js/app.js" from ["src_cljs"]...[0m
[36m----  Compiler Warning on   src_cljs/undead/client.cljs   line:16  column:15  ----[0m

  [1mUse of undeclared Var undead.client/Cell[0m

  [36m14[0m  [36m(q/defcomponent Line [cells][0m
  [36m15[0m  [36m  (apply d/div {:className "line"}[0m
  [33m16[0m  [1m         (map Cell cells)))[0m
  [0m  [0m  [33m              ^--- Use of undeclared Var undead.client/Cell[0m
  [36m17[0m  [36m[0m
  [36m18[0m  [36m(q/defcomponent Board [cells][0m
  [36m19[0m  [36m  (apply d/div {:className "board clearfix"}[0m
  [36m20[0m  [36m         (map Line (partition 4 cells))))[0m

[36m----  Compiler Warning : Please see src_cljs/undead/client.cljs  ----[0m
[32mSuccessfully compiled "resources/public/js/app.js" in 0.348 seconds.[0m
notifying browser that file changed:  out/undead/client.js
[0mCompiling "resources/public/js/app.js" from ["src_cljs"]...[0m
[36m----  Compiler Warning on   src_cljs/undead/client.cljs   line:12  column:2  ----[0m

  [1mUse of undeclared Var quiescent.dom/defcomponent[0m

  [36m 8[0m  [36m                   {:face :zo} {:face :zo} {:face :zo} {:face :gy}][0m
  [36m 9[0m  [36m           :sand (repeat 30 :remaining)[0m
  [36m10[0m  [36m           :foggy? false})[0m
  [36m11[0m  [36m[0m
  [33m12[0m  [1m(d/defcomponent Cell [cell][0m
  [0m  [0m  [33m ^--- Use of undeclared Var quiescent.dom/defcomponent[0m
  [36m13[0m  [36m  (d/div {:className "cell"}[0m
  [36m14[0m  [36m         (d/div {:className "tile"}[0m
  [36m15[0m  [36m                (d/div {:className ""})))[0m
  [36m16[0m  [36m  )[0m

[36m----  Compiler Warning : Please see src_cljs/undead/client.cljs  ----[0m
[36m----  Compiler Warning on   src_cljs/undead/client.cljs   line:12  column:17  ----[0m

  [1mUse of undeclared Var undead.client/Cell[0m

  [36m 8[0m  [36m                   {:face :zo} {:face :zo} {:face :zo} {:face :gy}][0m
  [36m 9[0m  [36m           :sand (repeat 30 :remaining)[0m
  [36m10[0m  [36m           :foggy? false})[0m
  [36m11[0m  [36m[0m
  [33m12[0m  [1m(d/defcomponent Cell [cell][0m
  [0m  [0m  [33m                ^--- Use of undeclared Var undead.client/Cell[0m
  [36m13[0m  [36m  (d/div {:className "cell"}[0m
  [36m14[0m  [36m         (d/div {:className "tile"}[0m
  [36m15[0m  [36m                (d/div {:className ""})))[0m
  [36m16[0m  [36m  )[0m

[36m----  Compiler Warning : Please see src_cljs/undead/client.cljs  ----[0m
[36m----  Compiler Warning on   src_cljs/undead/client.cljs   line:12  column:23  ----[0m

  [1mUse of undeclared Var undead.client/cell[0m

  [36m 8[0m  [36m                   {:face :zo} {:face :zo} {:face :zo} {:face :gy}][0m
  [36m 9[0m  [36m           :sand (repeat 30 :remaining)[0m
  [36m10[0m  [36m           :foggy? false})[0m
  [36m11[0m  [36m[0m
  [33m12[0m  [1m(d/defcomponent Cell [cell][0m
  [0m  [0m  [33m                      ^--- Use of undeclared Var undead.client/cell[0m
  [36m13[0m  [36m  (d/div {:className "cell"}[0m
  [36m14[0m  [36m         (d/div {:className "tile"}[0m
  [36m15[0m  [36m                (d/div {:className ""})))[0m
  [36m16[0m  [36m  )[0m

[36m----  Compiler Warning : Please see src_cljs/undead/client.cljs  ----[0m
[36m----  Compiler Warning on   src_cljs/undead/client.cljs   line:20  column:15  ----[0m

  [1mUse of undeclared Var undead.client/Cell[0m

  [36m16[0m  [36m  )[0m
  [36m17[0m  [36m[0m
  [36m18[0m  [36m(q/defcomponent Line [cells][0m
  [36m19[0m  [36m  (apply d/div {:className "line"}[0m
  [33m20[0m  [1m         (map Cell cells)))[0m
  [0m  [0m  [33m              ^--- Use of undeclared Var undead.client/Cell[0m
  [36m21[0m  [36m[0m
  [36m22[0m  [36m(q/defcomponent Board [cells][0m
  [36m23[0m  [36m  (apply d/div {:className "board clearfix"}[0m
  [36m24[0m  [36m         (map Line (partition 4 cells))))[0m

[36m----  Compiler Warning : Please see src_cljs/undead/client.cljs  ----[0m
[32mSuccessfully compiled "resources/public/js/app.js" in 0.348 seconds.[0m
notifying browser that file changed:  resources/public/js/out/cljs_deps.js
notifying browser that file changed:  out/undead/client.js
[0mCompiling "resources/public/js/app.js" from ["src_cljs"]...[0m
[31mFailed to compile "resources/public/js/app.js" in 0.234 seconds.[0m
[36m----  Could not Read  src_cljs/undead/client.cljs   line:12  column:1  ----[0m

  [1mEOF while reading, starting at line 12 and column 1[0m

  [36m10[0m  [36m           :foggy? false})[0m
  [36m11[0m  [36m[0m
  [33m12[0m  [1m(d/defcomponent Cell [cell][0m
  [0m  [0m  [33m^--- EOF while reading, starting at line 12 and column 1[0m
  [36m13[0m  [36m  (d/div {:className "cell"}[0m
  [36m14[0m  [36m         (d/div {:className "tile"}[0m
  [36m15[0m  [36m                (d/div {:className "front"}[0m

[36m----  Reader Error : Please see src_cljs/undead/client.cljs  ----[0m
[0mCompiling "resources/public/js/app.js" from ["src_cljs"]...[0m
[31mFailed to compile "resources/public/js/app.js" in 0.229 seconds.[0m
[36m----  Could not Read  src_cljs/undead/client.cljs   line:12  column:1  ----[0m

  [1mEOF while reading, starting at line 12 and column 1[0m

  [36m10[0m  [36m           :foggy? false})[0m
  [36m11[0m  [36m[0m
  [33m12[0m  [1m(d/defcomponent Cell [cell][0m
  [0m  [0m  [33m^--- EOF while reading, starting at line 12 and column 1[0m
  [36m13[0m  [36m  (d/div {:className "cell"}[0m
  [36m14[0m  [36m         (d/div {:className "tile"}[0m
  [36m15[0m  [36m                (d/div {:className "front"}[0m

[36m----  Reader Error : Please see src_cljs/undead/client.cljs  ----[0m
[0mCompiling "resources/public/js/app.js" from ["src_cljs"]...[0m
[31mFailed to compile "resources/public/js/app.js" in 0.225 seconds.[0m
[36m----  Could not Read  src_cljs/undead/client.cljs   line:12  column:1  ----[0m

  [1mEOF while reading, starting at line 12 and column 1[0m

  [36m10[0m  [36m           :foggy? false})[0m
  [36m11[0m  [36m[0m
  [33m12[0m  [1m(d/defcomponent Cell [cell][0m
  [0m  [0m  [33m^--- EOF while reading, starting at line 12 and column 1[0m
  [36m13[0m  [36m  (d/div {:className "cell"}[0m
  [36m14[0m  [36m         (d/div {:className "tile"}[0m
  [36m15[0m  [36m                (d/div {:className "front"}[0m

[36m----  Reader Error : Please see src_cljs/undead/client.cljs  ----[0m
[0mCompiling "resources/public/js/app.js" from ["src_cljs"]...[0m
[36m----  Compiler Warning on   src_cljs/undead/client.cljs   line:12  column:2  ----[0m

  [1mUse of undeclared Var quiescent.dom/defcomponent[0m

  [36m 8[0m  [36m                   {:face :zo} {:face :zo} {:face :zo} {:face :gy}][0m
  [36m 9[0m  [36m           :sand (repeat 30 :remaining)[0m
  [36m10[0m  [36m           :foggy? false})[0m
  [36m11[0m  [36m[0m
  [33m12[0m  [1m(d/defcomponent Cell [cell][0m
  [0m  [0m  [33m ^--- Use of undeclared Var quiescent.dom/defcomponent[0m
  [36m13[0m  [36m  (d/div {:className "cell"}[0m
  [36m14[0m  [36m         (d/div {:className "tile"}[0m
  [36m15[0m  [36m                (d/div {:className "front"})[0m
  [36m16[0m  [36m                (d/div {:className "back"}))))[0m

[36m----  Compiler Warning : Please see src_cljs/undead/client.cljs  ----[0m
[36m----  Compiler Warning on   src_cljs/undead/client.cljs   line:12  column:17  ----[0m

  [1mUse of undeclared Var undead.client/Cell[0m

  [36m 8[0m  [36m                   {:face :zo} {:face :zo} {:face :zo} {:face :gy}][0m
  [36m 9[0m  [36m           :sand (repeat 30 :remaining)[0m
  [36m10[0m  [36m           :foggy? false})[0m
  [36m11[0m  [36m[0m
  [33m12[0m  [1m(d/defcomponent Cell [cell][0m
  [0m  [0m  [33m                ^--- Use of undeclared Var undead.client/Cell[0m
  [36m13[0m  [36m  (d/div {:className "cell"}[0m
  [36m14[0m  [36m         (d/div {:className "tile"}[0m
  [36m15[0m  [36m                (d/div {:className "front"})[0m
  [36m16[0m  [36m                (d/div {:className "back"}))))[0m

[36m----  Compiler Warning : Please see src_cljs/undead/client.cljs  ----[0m
[36m----  Compiler Warning on   src_cljs/undead/client.cljs   line:12  column:23  ----[0m

  [1mUse of undeclared Var undead.client/cell[0m

  [36m 8[0m  [36m                   {:face :zo} {:face :zo} {:face :zo} {:face :gy}][0m
  [36m 9[0m  [36m           :sand (repeat 30 :remaining)[0m
  [36m10[0m  [36m           :foggy? false})[0m
  [36m11[0m  [36m[0m
  [33m12[0m  [1m(d/defcomponent Cell [cell][0m
  [0m  [0m  [33m                      ^--- Use of undeclared Var undead.client/cell[0m
  [36m13[0m  [36m  (d/div {:className "cell"}[0m
  [36m14[0m  [36m         (d/div {:className "tile"}[0m
  [36m15[0m  [36m                (d/div {:className "front"})[0m
  [36m16[0m  [36m                (d/div {:className "back"}))))[0m

[36m----  Compiler Warning : Please see src_cljs/undead/client.cljs  ----[0m
[36m----  Compiler Warning on   src_cljs/undead/client.cljs   line:20  column:17  ----[0m

  [1mUse of undeclared Var undead.client/Cell[0m

  [36m16[0m  [36m                (d/div {:className "back"}))))[0m
  [36m17[0m  [36m[0m
  [36m18[0m  [36m  (q/defcomponent Line [cells][0m
  [36m19[0m  [36m    (apply d/div {:className "line"}[0m
  [33m20[0m  [1m           (map Cell cells)))[0m
  [0m  [0m  [33m                ^--- Use of undeclared Var undead.client/Cell[0m
  [36m21[0m  [36m[0m
  [36m22[0m  [36m  (q/defcomponent Board [cells][0m
  [36m23[0m  [36m    (apply d/div {:className "board clearfix"}[0m
  [36m24[0m  [36m           (map Line (partition 4 cells))))[0m

[36m----  Compiler Warning : Please see src_cljs/undead/client.cljs  ----[0m
[32mSuccessfully compiled "resources/public/js/app.js" in 0.346 seconds.[0m
notifying browser that file changed:  resources/public/js/out/cljs_deps.js
notifying browser that file changed:  out/undead/client.js
[0mCompiling "resources/public/js/app.js" from ["src_cljs"]...[0m
[36m----  Compiler Warning on   src_cljs/undead/client.cljs   line:12  column:2  ----[0m

  [1mUse of undeclared Var quiescent.dom/defcomponent[0m

  [36m 8[0m  [36m                   {:face :zo} {:face :zo} {:face :zo} {:face :gy}][0m
  [36m 9[0m  [36m           :sand (repeat 30 :remaining)[0m
  [36m10[0m  [36m           :foggy? false})[0m
  [36m11[0m  [36m[0m
  [33m12[0m  [1m(d/defcomponent Cell [cell][0m
  [0m  [0m  [33m ^--- Use of undeclared Var quiescent.dom/defcomponent[0m
  [36m13[0m  [36m  (d/div {:className "cell"}[0m
  [36m14[0m  [36m         (d/div {:className "tile"}[0m
  [36m15[0m  [36m                (d/div {:className "front"})[0m
  [36m16[0m  [36m                (d/div {:className "back"}))))[0m

[36m----  Compiler Warning : Please see src_cljs/undead/client.cljs  ----[0m
[36m----  Compiler Warning on   src_cljs/undead/client.cljs   line:12  column:17  ----[0m

  [1mUse of undeclared Var undead.client/Cell[0m

  [36m 8[0m  [36m                   {:face :zo} {:face :zo} {:face :zo} {:face :gy}][0m
  [36m 9[0m  [36m           :sand (repeat 30 :remaining)[0m
  [36m10[0m  [36m           :foggy? false})[0m
  [36m11[0m  [36m[0m
  [33m12[0m  [1m(d/defcomponent Cell [cell][0m
  [0m  [0m  [33m                ^--- Use of undeclared Var undead.client/Cell[0m
  [36m13[0m  [36m  (d/div {:className "cell"}[0m
  [36m14[0m  [36m         (d/div {:className "tile"}[0m
  [36m15[0m  [36m                (d/div {:className "front"})[0m
  [36m16[0m  [36m                (d/div {:className "back"}))))[0m

[36m----  Compiler Warning : Please see src_cljs/undead/client.cljs  ----[0m
[36m----  Compiler Warning on   src_cljs/undead/client.cljs   line:12  column:23  ----[0m

  [1mUse of undeclared Var undead.client/cell[0m

  [36m 8[0m  [36m                   {:face :zo} {:face :zo} {:face :zo} {:face :gy}][0m
  [36m 9[0m  [36m           :sand (repeat 30 :remaining)[0m
  [36m10[0m  [36m           :foggy? false})[0m
  [36m11[0m  [36m[0m
  [33m12[0m  [1m(d/defcomponent Cell [cell][0m
  [0m  [0m  [33m                      ^--- Use of undeclared Var undead.client/cell[0m
  [36m13[0m  [36m  (d/div {:className "cell"}[0m
  [36m14[0m  [36m         (d/div {:className "tile"}[0m
  [36m15[0m  [36m                (d/div {:className "front"})[0m
  [36m16[0m  [36m                (d/div {:className "back"}))))[0m

[36m----  Compiler Warning : Please see src_cljs/undead/client.cljs  ----[0m
[36m----  Compiler Warning on   src_cljs/undead/client.cljs   line:20  column:15  ----[0m

  [1mUse of undeclared Var undead.client/Cell[0m

  [36m16[0m  [36m                (d/div {:className "back"}))))[0m
  [36m17[0m  [36m[0m
  [36m18[0m  [36m(q/defcomponent Line [cells][0m
  [36m19[0m  [36m  (apply d/div {:className "line"}[0m
  [33m20[0m  [1m         (map Cell cells)))[0m
  [0m  [0m  [33m              ^--- Use of undeclared Var undead.client/Cell[0m
  [36m21[0m  [36m[0m
  [36m22[0m  [36m(q/defcomponent Board [cells][0m
  [36m23[0m  [36m  (apply d/div {:className "board clearfix"}[0m
  [36m24[0m  [36m         (map Line (partition 4 cells))))[0m

[36m----  Compiler Warning : Please see src_cljs/undead/client.cljs  ----[0m
[32mSuccessfully compiled "resources/public/js/app.js" in 0.347 seconds.[0m
notifying browser that file changed:  resources/public/js/out/cljs_deps.js
notifying browser that file changed:  out/undead/client.js
[0mCompiling "resources/public/js/app.js" from ["src_cljs"]...[0m
[32mSuccessfully compiled "resources/public/js/app.js" in 0.283 seconds.[0m
notifying browser that file changed:  out/undead/client.js
[0mCompiling "resources/public/js/app.js" from ["src_cljs"]...[0m
[32mSuccessfully compiled "resources/public/js/app.js" in 0.288 seconds.[0m
notifying browser that file changed:  resources/public/js/out/cljs_deps.js
notifying browser that file changed:  out/undead/client.js
[0mCompiling "resources/public/js/app.js" from ["src_cljs"]...[0m
[32mSuccessfully compiled "resources/public/js/app.js" in 0.298 seconds.[0m
notifying browser that file changed:  resources/public/js/out/cljs_deps.js
notifying browser that file changed:  out/undead/client.js
[0mCompiling "resources/public/js/app.js" from ["src_cljs"]...[0m
[32mSuccessfully compiled "resources/public/js/app.js" in 0.299 seconds.[0m
notifying browser that file changed:  resources/public/js/out/cljs_deps.js
notifying browser that file changed:  out/undead/client.js
[0mCompiling "resources/public/js/app.js" from ["src_cljs"]...[0m
[32mSuccessfully compiled "resources/public/js/app.js" in 0.297 seconds.[0m
notifying browser that file changed:  resources/public/js/out/cljs_deps.js
notifying browser that file changed:  out/undead/client.js
[0mCompiling "resources/public/js/app.js" from ["src_cljs"]...[0m
[32mSuccessfully compiled "resources/public/js/app.js" in 0.281 seconds.[0m
notifying browser that file changed:  resources/public/js/out/cljs_deps.js
notifying browser that file changed:  out/undead/client.js
[0mCompiling "resources/public/js/app.js" from ["src_cljs"]...[0m
[32mSuccessfully compiled "resources/public/js/app.js" in 0.292 seconds.[0m
notifying browser that file changed:  resources/public/js/out/cljs_deps.js
notifying browser that file changed:  out/undead/client.js
[0mCompiling "resources/public/js/app.js" from ["src_cljs"]...[0m
[32mSuccessfully compiled "resources/public/js/app.js" in 0.295 seconds.[0m
notifying browser that file changed:  resources/public/js/out/cljs_deps.js
notifying browser that file changed:  out/undead/client.js
[0mCompiling "resources/public/js/app.js" from ["src_cljs"]...[0m
[32mSuccessfully compiled "resources/public/js/app.js" in 0.285 seconds.[0m
notifying browser that file changed:  out/undead/client.js
[0mCompiling "resources/public/js/app.js" from ["src_cljs"]...[0m
[32mSuccessfully compiled "resources/public/js/app.js" in 0.349 seconds.[0m
notifying browser that file changed:  out/undead/client.js
[0mCompiling "resources/public/js/app.js" from ["src_cljs"]...[0m
[32mSuccessfully compiled "resources/public/js/app.js" in 0.291 seconds.[0m
notifying browser that file changed:  out/undead/client.js
[0mCompiling "resources/public/js/app.js" from ["src_cljs"]...[0m
[31mFailed to compile "resources/public/js/app.js" in 0.225 seconds.[0m
[36m----  Could not Read  src_cljs/undead/client.cljs   line:5  column:77  ----[0m

  [1mMap literal must contain an even number of forms[0m

  [36m3[0m  [36m            [quiescent.dom :as d]))[0m
  [36m4[0m  [36m[0m
  [33m5[0m  [1m(def game {:board [{:face :h1} {:face :h1} {:face :h2} {:face :h2 :revealed}[0m
  [0m [0m  [33m                                                                            ^--- Map literal must contain an even number of forms[0m
  [36m6[0m  [36m                   {:face :h3} {:face :h3} {:face :h4} {:face :h4}[0m
  [36m7[0m  [36m                   {:face :h5} {:face :h5} {:face :fg} {:face :fg}[0m
  [36m8[0m  [36m                   {:face :zo} {:face :zo} {:face :zo} {:face :gy}][0m

[36m----  Reader Error : Please see src_cljs/undead/client.cljs  ----[0m
[0mCompiling "resources/public/js/app.js" from ["src_cljs"]...[0m
[31mFailed to compile "resources/public/js/app.js" in 0.215 seconds.[0m
[36m----  Could not Read  src_cljs/undead/client.cljs   line:5  column:78  ----[0m

  [1mMap literal must contain an even number of forms[0m

  [36m3[0m  [36m            [quiescent.dom :as d]))[0m
  [36m4[0m  [36m[0m
  [33m5[0m  [1m(def game {:board [{:face :h1} {:face :h1} {:face :h2} {:face :h2 :revealed?}[0m
  [0m [0m  [33m                                                                             ^--- Map literal must contain an even number of forms[0m
  [36m6[0m  [36m                   {:face :h3} {:face :h3} {:face :h4} {:face :h4}[0m
  [36m7[0m  [36m                   {:face :h5} {:face :h5} {:face :fg} {:face :fg}[0m
  [36m8[0m  [36m                   {:face :zo} {:face :zo} {:face :zo} {:face :gy}][0m

[36m----  Reader Error : Please see src_cljs/undead/client.cljs  ----[0m
[0mCompiling "resources/public/js/app.js" from ["src_cljs"]...[0m
[32mSuccessfully compiled "resources/public/js/app.js" in 0.284 seconds.[0m
notifying browser that file changed:  resources/public/js/out/cljs_deps.js
notifying browser that file changed:  out/undead/client.js
[0mCompiling "resources/public/js/app.js" from ["src_cljs"]...[0m
[32mSuccessfully compiled "resources/public/js/app.js" in 0.295 seconds.[0m
notifying browser that file changed:  resources/public/js/out/cljs_deps.js
notifying browser that file changed:  out/undead/client.js
[0mCompiling "resources/public/js/app.js" from ["src_cljs"]...[0m
[32mSuccessfully compiled "resources/public/js/app.js" in 0.284 seconds.[0m
notifying browser that file changed:  resources/public/js/out/cljs_deps.js
notifying browser that file changed:  out/undead/client.js
[0mCompiling "resources/public/js/app.js" from ["src_cljs"]...[0m
[32mSuccessfully compiled "resources/public/js/app.js" in 0.305 seconds.[0m
notifying browser that file changed:  out/undead/client.js
[0mCompiling "resources/public/js/app.js" from ["src_cljs"]...[0m
[32mSuccessfully compiled "resources/public/js/app.js" in 0.289 seconds.[0m
notifying browser that file changed:  resources/public/js/out/cljs_deps.js
notifying browser that file changed:  out/undead/client.js
[0mCompiling "resources/public/js/app.js" from ["src_cljs"]...[0m
[32mSuccessfully compiled "resources/public/js/app.js" in 0.308 seconds.[0m
notifying browser that file changed:  resources/public/js/out/cljs_deps.js
notifying browser that file changed:  out/undead/client.js
[0mCompiling "resources/public/js/app.js" from ["src_cljs"]...[0m
[32mSuccessfully compiled "resources/public/js/app.js" in 0.31 seconds.[0m
notifying browser that file changed:  resources/public/js/out/cljs_deps.js
notifying browser that file changed:  out/undead/client.js
[0mCompiling "resources/public/js/app.js" from ["src_cljs"]...[0m
[32mSuccessfully compiled "resources/public/js/app.js" in 0.39 seconds.[0m
notifying browser that file changed:  resources/public/js/out/cljs_deps.js
notifying browser that file changed:  out/undead/client.js
[0mCompiling "resources/public/js/app.js" from ["src_cljs"]...[0m
[32mSuccessfully compiled "resources/public/js/app.js" in 0.326 seconds.[0m
notifying browser that file changed:  resources/public/js/out/cljs_deps.js
notifying browser that file changed:  out/undead/client.js
[0mCompiling "resources/public/js/app.js" from ["src_cljs"]...[0m
[32mSuccessfully compiled "resources/public/js/app.js" in 0.291 seconds.[0m
notifying browser that file changed:  resources/public/js/out/cljs_deps.js
notifying browser that file changed:  out/undead/client.js
[0mCompiling "resources/public/js/app.js" from ["src_cljs"]...[0m
[32mSuccessfully compiled "resources/public/js/app.js" in 0.297 seconds.[0m
notifying browser that file changed:  resources/public/js/out/cljs_deps.js
notifying browser that file changed:  out/undead/client.js
[0mCompiling "resources/public/js/app.js" from ["src_cljs"]...[0m
[32mSuccessfully compiled "resources/public/js/app.js" in 0.287 seconds.[0m
notifying browser that file changed:  resources/public/js/out/cljs_deps.js
notifying browser that file changed:  out/undead/client.js
[0mCompiling "resources/public/js/app.js" from ["src_cljs"]...[0m
[32mSuccessfully compiled "resources/public/js/app.js" in 0.298 seconds.[0m
notifying browser that file changed:  out/undead/client.js
[0mCompiling "resources/public/js/app.js" from ["src_cljs"]...[0m
[32mSuccessfully compiled "resources/public/js/app.js" in 0.284 seconds.[0m
notifying browser that file changed:  resources/public/js/out/cljs_deps.js
notifying browser that file changed:  out/undead/client.js
[0mCompiling "resources/public/js/app.js" from ["src_cljs"]...[0m
[36m----  Compiler Warning on   src_cljs/undead/client.cljs   line:33  column:11  ----[0m

  [1mUse of undeclared Var undead.client/Timer[0m

  [36m30[0m  [36m(q/defcomponent Game [game][0m
  [36m31[0m  [36m  (d/div {:className (when (:foggy? game) "foggy")}[0m
  [36m32[0m  [36m         (Board (:board game))[0m
  [33m33[0m  [1m         (Timer game)))[0m
  [0m  [0m  [33m          ^--- Use of undeclared Var undead.client/Timer[0m
  [36m34[0m  [36m[0m
  [36m35[0m  [36m(q/render (Game game)[0m
  [36m36[0m  [36m          (.getElementById js/document "main"))[0m

[36m----  Compiler Warning : Please see src_cljs/undead/client.cljs  ----[0m
[32mSuccessfully compiled "resources/public/js/app.js" in 0.327 seconds.[0m
notifying browser that file changed:  resources/public/js/out/cljs_deps.js
notifying browser that file changed:  out/undead/client.js
[0mCompiling "resources/public/js/app.js" from ["src_cljs"]...[0m
[36m----  Compiler Warning on   src_cljs/undead/client.cljs   line:33  column:11  ----[0m

  [1mUse of undeclared Var undead.client/Timer[0m

  [36m30[0m  [36m(q/defcomponent Game [game][0m
  [36m31[0m  [36m  (d/div {:className (when (:foggy? game) "foggy")}[0m
  [36m32[0m  [36m         (Board (:board game))[0m
  [33m33[0m  [1m         (Timer (:sand game))))[0m
  [0m  [0m  [33m          ^--- Use of undeclared Var undead.client/Timer[0m
  [36m34[0m  [36m[0m
  [36m35[0m  [36m(q/render (Game game)[0m
  [36m36[0m  [36m          (.getElementById js/document "main"))[0m

[36m----  Compiler Warning : Please see src_cljs/undead/client.cljs  ----[0m
[32mSuccessfully compiled "resources/public/js/app.js" in 0.304 seconds.[0m
notifying browser that file changed:  resources/public/js/out/cljs_deps.js
notifying browser that file changed:  out/undead/client.js
[0mCompiling "resources/public/js/app.js" from ["src_cljs"]...[0m
[32mSuccessfully compiled "resources/public/js/app.js" in 0.306 seconds.[0m
notifying browser that file changed:  resources/public/js/out/cljs_deps.js
notifying browser that file changed:  out/undead/client.js
[0mCompiling "resources/public/js/app.js" from ["src_cljs"]...[0m
[32mSuccessfully compiled "resources/public/js/app.js" in 0.299 seconds.[0m
notifying browser that file changed:  resources/public/js/out/cljs_deps.js
notifying browser that file changed:  out/undead/client.js
[0mCompiling "resources/public/js/app.js" from ["src_cljs"]...[0m
[32mSuccessfully compiled "resources/public/js/app.js" in 0.304 seconds.[0m
notifying browser that file changed:  out/undead/client.js
[0mCompiling "resources/public/js/app.js" from ["src_cljs"]...[0m
[32mSuccessfully compiled "resources/public/js/app.js" in 0.291 seconds.[0m
notifying browser that file changed:  resources/public/js/out/cljs_deps.js
notifying browser that file changed:  out/undead/client.js
[0mCompiling "resources/public/js/app.js" from ["src_cljs"]...[0m
[32mSuccessfully compiled "resources/public/js/app.js" in 0.304 seconds.[0m
notifying browser that file changed:  resources/public/js/out/cljs_deps.js
notifying browser that file changed:  out/undead/client.js
[0mCompiling "resources/public/js/app.js" from ["src_cljs"]...[0m
[32mSuccessfully compiled "resources/public/js/app.js" in 0.29 seconds.[0m
notifying browser that file changed:  resources/public/js/out/cljs_deps.js
notifying browser that file changed:  out/undead/client.js
[0mCompiling "resources/public/js/app.js" from ["src_cljs"]...[0m
[32mSuccessfully compiled "resources/public/js/app.js" in 0.291 seconds.[0m
notifying browser that file changed:  out/undead/client.js
[0mCompiling "resources/public/js/app.js" from ["src_cljs"]...[0m
[32mSuccessfully compiled "resources/public/js/app.js" in 0.292 seconds.[0m
notifying browser that file changed:  out/undead/client.js
[0mCompiling "resources/public/js/app.js" from ["src_cljs"]...[0m
[32mSuccessfully compiled "resources/public/js/app.js" in 0.306 seconds.[0m
notifying browser that file changed:  out/undead/client.js
[0mCompiling "resources/public/js/app.js" from ["src_cljs"]...[0m
[32mSuccessfully compiled "resources/public/js/app.js" in 0.294 seconds.[0m
notifying browser that file changed:  resources/public/js/out/cljs_deps.js
notifying browser that file changed:  out/undead/client.js
[0mCompiling "resources/public/js/app.js" from ["src_cljs"]...[0m
[32mSuccessfully compiled "resources/public/js/app.js" in 0.301 seconds.[0m
notifying browser that file changed:  resources/public/js/out/cljs_deps.js
notifying browser that file changed:  out/undead/client.js
[0mCompiling "resources/public/js/app.js" from ["src_cljs"]...[0m
[32mSuccessfully compiled "resources/public/js/app.js" in 0.286 seconds.[0m
notifying browser that file changed:  out/undead/client.js
[0mCompiling "resources/public/js/app.js" from ["src_cljs"]...[0m
[32mSuccessfully compiled "resources/public/js/app.js" in 0.298 seconds.[0m
notifying browser that file changed:  resources/public/js/out/cljs_deps.js
notifying browser that file changed:  out/undead/client.js
[0mCompiling "resources/public/js/app.js" from ["src_cljs"]...[0m
[32mSuccessfully compiled "resources/public/js/app.js" in 0.295 seconds.[0m
notifying browser that file changed:  out/undead/client.js
[0mCompiling "resources/public/js/app.js" from ["src_cljs"]...[0m
[32mSuccessfully compiled "resources/public/js/app.js" in 0.307 seconds.[0m
notifying browser that file changed:  out/undead/client.js
[0mCompiling "resources/public/js/app.js" from ["src_cljs"]...[0m
[32mSuccessfully compiled "resources/public/js/app.js" in 0.289 seconds.[0m
notifying browser that file changed:  out/undead/client.js
[0mCompiling "resources/public/js/app.js" from ["src_cljs"]...[0m
[32mSuccessfully compiled "resources/public/js/app.js" in 0.297 seconds.[0m
notifying browser that file changed:  resources/public/js/out/cljs_deps.js
notifying browser that file changed:  out/undead/client.js
[0mCompiling "resources/public/js/app.js" from ["src_cljs"]...[0m
[32mSuccessfully compiled "resources/public/js/app.js" in 0.289 seconds.[0m
notifying browser that file changed:  out/undead/client.js
[0mCompiling "resources/public/js/app.js" from ["src_cljs"]...[0m
[32mSuccessfully compiled "resources/public/js/app.js" in 0.306 seconds.[0m
notifying browser that file changed:  resources/public/js/out/cljs_deps.js
notifying browser that file changed:  out/undead/client.js
[0mCompiling "resources/public/js/app.js" from ["src_cljs"]...[0m
[32mSuccessfully compiled "resources/public/js/app.js" in 0.294 seconds.[0m
notifying browser that file changed:  resources/public/js/out/cljs_deps.js
notifying browser that file changed:  out/undead/client.js
[0mCompiling "resources/public/js/app.js" from ["src_cljs"]...[0m
[32mSuccessfully compiled "resources/public/js/app.js" in 0.304 seconds.[0m
notifying browser that file changed:  resources/public/js/out/cljs_deps.js
notifying browser that file changed:  out/undead/client.js
[0mCompiling "resources/public/js/app.js" from ["src_cljs"]...[0m
[32mSuccessfully compiled "resources/public/js/app.js" in 0.29 seconds.[0m
notifying browser that file changed:  resources/public/js/out/cljs_deps.js
notifying browser that file changed:  out/undead/client.js
[0mCompiling "resources/public/js/app.js" from ["src_cljs"]...[0m
[32mSuccessfully compiled "resources/public/js/app.js" in 0.3 seconds.[0m
notifying browser that file changed:  out/undead/client.js
[0mCompiling "resources/public/js/app.js" from ["src_cljs"]...[0m
[32mSuccessfully compiled "resources/public/js/app.js" in 0.292 seconds.[0m
notifying browser that file changed:  resources/public/js/out/cljs_deps.js
notifying browser that file changed:  out/undead/client.js
[0mCompiling "resources/public/js/app.js" from ["src_cljs"]...[0m
[32mSuccessfully compiled "resources/public/js/app.js" in 0.308 seconds.[0m
notifying browser that file changed:  out/undead/client.js
[0mCompiling "resources/public/js/app.js" from ["src_cljs"]...[0m
[32mSuccessfully compiled "resources/public/js/app.js" in 0.295 seconds.[0m
notifying browser that file changed:  out/undead/client.js
[0mCompiling "resources/public/js/app.js" from ["src_cljs"]...[0m
[32mSuccessfully compiled "resources/public/js/app.js" in 0.312 seconds.[0m
notifying browser that file changed:  out/undead/client.js
[0mCompiling "resources/public/js/app.js" from ["src_cljs"]...[0m
[32mSuccessfully compiled "resources/public/js/app.js" in 0.295 seconds.[0m
notifying browser that file changed:  resources/public/js/out/cljs_deps.js
notifying browser that file changed:  out/undead/client.js
[0mCompiling "resources/public/js/app.js" from ["src_cljs"]...[0m
[32mSuccessfully compiled "resources/public/js/app.js" in 0.3 seconds.[0m
notifying browser that file changed:  out/undead/client.js
[0mCompiling "resources/public/js/app.js" from ["src_cljs"]...[0m
[32mSuccessfully compiled "resources/public/js/app.js" in 0.313 seconds.[0m
notifying browser that file changed:  resources/public/js/out/cljs_deps.js
notifying browser that file changed:  out/undead/client.js
[0mCompiling "resources/public/js/app.js" from ["src_cljs"]...[0m
[32mSuccessfully compiled "resources/public/js/app.js" in 0.297 seconds.[0m
notifying browser that file changed:  resources/public/js/out/cljs_deps.js
notifying browser that file changed:  out/undead/client.js
[0mCompiling "resources/public/js/app.js" from ["src_cljs"]...[0m
[32mSuccessfully compiled "resources/public/js/app.js" in 0.31 seconds.[0m
notifying browser that file changed:  out/undead/client.js
